{
  "uid" : "22d8708f5bea3d30",
  "name" : "Удаление товара из списка в разделе администартора",
  "fullName" : "tests.test_opencart#test_delete_product",
  "historyId" : "47fa9a9d0b0287c16f0d3398478561c6",
  "time" : {
    "start" : 1634665522792,
    "stop" : 1634665536805,
    "duration" : 14013
  },
  "status" : "failed",
  "statusMessage" : "AssertionError: Не найден элемент с селектором: //tbody/tr[./td[contains(text(), \"Canon\")]]//input",
  "statusTrace" : "self = <page_objects.admin_section.sections.catalog.products.products_page.ProductsPage object at 0x7efecd66d6d0>\nlocator = 'xpath'\nselector = '//tbody/tr[./td[contains(text(), \"Canon\")]]//input', timeout = 5\n\n    def find_element_with_wait(self, locator, selector, timeout=5):\n        self.logger.debug(f\"Поиск элемента '{selector}'\")\n        try:\n>           element = WebDriverWait(self.browser, timeout).until(EC.presence_of_element_located((locator, selector)))\n\n../page_objects/base_page.py:18: \n_ _ _ _ _ _ _ _ _ _ _ _ _ _ _ _ _ _ _ _ _ _ _ _ _ _ _ _ _ _ _ _ _ _ _ _ _ _ _ _ \n\nself = <selenium.webdriver.support.wait.WebDriverWait (session=\"93ea0965add168260f1697918b2dfc0c\")>\nmethod = <selenium.webdriver.support.expected_conditions.presence_of_element_located object at 0x7efecd66d880>\nmessage = ''\n\n    def until(self, method, message=''):\n        \"\"\"Calls the method provided with the driver as an argument until the \\\n        return value is not False.\"\"\"\n        screen = None\n        stacktrace = None\n    \n        end_time = time.time() + self._timeout\n        while True:\n            try:\n                value = method(self._driver)\n                if value:\n                    return value\n            except self._ignored_exceptions as exc:\n                screen = getattr(exc, 'screen', None)\n                stacktrace = getattr(exc, 'stacktrace', None)\n            time.sleep(self._poll)\n            if time.time() > end_time:\n                break\n>       raise TimeoutException(message, screen, stacktrace)\nE       selenium.common.exceptions.TimeoutException: Message:\n\n../venv/lib/python3.8/site-packages/selenium/webdriver/support/wait.py:80: TimeoutException\n\nDuring handling of the above exception, another exception occurred:\n\nbrowser = <selenium.webdriver.remote.webdriver.WebDriver (session=\"93ea0965add168260f1697918b2dfc0c\")>\nurl = 'http://192.168.1.123:8081/'\n\n    @allure.title(\"Удаление товара из списка в разделе администартора\")\n    def test_delete_product(browser, url):\n        login_page = LoginPage(browser)\n        menu = NavigationPanel(browser)\n        browser_alert = BrowserAlert(browser)\n        title_panel = TitlePanel(browser)\n        login_page.open_page(url)\n        login_page.sign_in(\"user\", \"bitnami\")\n        menu.open_section(Sections.CATALOG_SECTION)\n        menu.open_subsection(Sections.PRODUCTS_SUBSECTION)\n        products_page = ProductsPage(browser)\n>       products_page.checkbox_click(\"Canon\")\n\ntest_opencart.py:47: \n_ _ _ _ _ _ _ _ _ _ _ _ _ _ _ _ _ _ _ _ _ _ _ _ _ _ _ _ _ _ _ _ _ _ _ _ _ _ _ _ \n../page_objects/admin_section/sections/catalog/products/products_page.py:29: in checkbox_click\n    self.click_button(*product_checkbox)\n../page_objects/base_page.py:46: in click_button\n    button = self.find_element_with_wait(locator, selector)\n_ _ _ _ _ _ _ _ _ _ _ _ _ _ _ _ _ _ _ _ _ _ _ _ _ _ _ _ _ _ _ _ _ _ _ _ _ _ _ _ \n\nself = <page_objects.admin_section.sections.catalog.products.products_page.ProductsPage object at 0x7efecd66d6d0>\nlocator = 'xpath'\nselector = '//tbody/tr[./td[contains(text(), \"Canon\")]]//input', timeout = 5\n\n    def find_element_with_wait(self, locator, selector, timeout=5):\n        self.logger.debug(f\"Поиск элемента '{selector}'\")\n        try:\n            element = WebDriverWait(self.browser, timeout).until(EC.presence_of_element_located((locator, selector)))\n        except TimeoutException:\n            self.attach_screenshot_to_report()\n>           raise AssertionError(\"Не найден элемент с селектором: {}\".format(selector))\nE           AssertionError: Не найден элемент с селектором: //tbody/tr[./td[contains(text(), \"Canon\")]]//input\n\n../page_objects/base_page.py:21: AssertionError",
  "flaky" : false,
  "newFailed" : false,
  "beforeStages" : [ {
    "name" : "browser",
    "time" : {
      "start" : 1634665519412,
      "stop" : 1634665522787,
      "duration" : 3375
    },
    "status" : "passed",
    "steps" : [ ],
    "attachments" : [ ],
    "parameters" : [ ],
    "stepsCount" : 0,
    "attachmentsCount" : 0,
    "shouldDisplayMessage" : false,
    "hasContent" : false
  }, {
    "name" : "url",
    "time" : {
      "start" : 1634665522788,
      "stop" : 1634665522788,
      "duration" : 0
    },
    "status" : "passed",
    "steps" : [ ],
    "attachments" : [ ],
    "parameters" : [ ],
    "stepsCount" : 0,
    "attachmentsCount" : 0,
    "shouldDisplayMessage" : false,
    "hasContent" : false
  } ],
  "testStage" : {
    "status" : "failed",
    "statusMessage" : "AssertionError: Не найден элемент с селектором: //tbody/tr[./td[contains(text(), \"Canon\")]]//input",
    "statusTrace" : "self = <page_objects.admin_section.sections.catalog.products.products_page.ProductsPage object at 0x7efecd66d6d0>\nlocator = 'xpath'\nselector = '//tbody/tr[./td[contains(text(), \"Canon\")]]//input', timeout = 5\n\n    def find_element_with_wait(self, locator, selector, timeout=5):\n        self.logger.debug(f\"Поиск элемента '{selector}'\")\n        try:\n>           element = WebDriverWait(self.browser, timeout).until(EC.presence_of_element_located((locator, selector)))\n\n../page_objects/base_page.py:18: \n_ _ _ _ _ _ _ _ _ _ _ _ _ _ _ _ _ _ _ _ _ _ _ _ _ _ _ _ _ _ _ _ _ _ _ _ _ _ _ _ \n\nself = <selenium.webdriver.support.wait.WebDriverWait (session=\"93ea0965add168260f1697918b2dfc0c\")>\nmethod = <selenium.webdriver.support.expected_conditions.presence_of_element_located object at 0x7efecd66d880>\nmessage = ''\n\n    def until(self, method, message=''):\n        \"\"\"Calls the method provided with the driver as an argument until the \\\n        return value is not False.\"\"\"\n        screen = None\n        stacktrace = None\n    \n        end_time = time.time() + self._timeout\n        while True:\n            try:\n                value = method(self._driver)\n                if value:\n                    return value\n            except self._ignored_exceptions as exc:\n                screen = getattr(exc, 'screen', None)\n                stacktrace = getattr(exc, 'stacktrace', None)\n            time.sleep(self._poll)\n            if time.time() > end_time:\n                break\n>       raise TimeoutException(message, screen, stacktrace)\nE       selenium.common.exceptions.TimeoutException: Message:\n\n../venv/lib/python3.8/site-packages/selenium/webdriver/support/wait.py:80: TimeoutException\n\nDuring handling of the above exception, another exception occurred:\n\nbrowser = <selenium.webdriver.remote.webdriver.WebDriver (session=\"93ea0965add168260f1697918b2dfc0c\")>\nurl = 'http://192.168.1.123:8081/'\n\n    @allure.title(\"Удаление товара из списка в разделе администартора\")\n    def test_delete_product(browser, url):\n        login_page = LoginPage(browser)\n        menu = NavigationPanel(browser)\n        browser_alert = BrowserAlert(browser)\n        title_panel = TitlePanel(browser)\n        login_page.open_page(url)\n        login_page.sign_in(\"user\", \"bitnami\")\n        menu.open_section(Sections.CATALOG_SECTION)\n        menu.open_subsection(Sections.PRODUCTS_SUBSECTION)\n        products_page = ProductsPage(browser)\n>       products_page.checkbox_click(\"Canon\")\n\ntest_opencart.py:47: \n_ _ _ _ _ _ _ _ _ _ _ _ _ _ _ _ _ _ _ _ _ _ _ _ _ _ _ _ _ _ _ _ _ _ _ _ _ _ _ _ \n../page_objects/admin_section/sections/catalog/products/products_page.py:29: in checkbox_click\n    self.click_button(*product_checkbox)\n../page_objects/base_page.py:46: in click_button\n    button = self.find_element_with_wait(locator, selector)\n_ _ _ _ _ _ _ _ _ _ _ _ _ _ _ _ _ _ _ _ _ _ _ _ _ _ _ _ _ _ _ _ _ _ _ _ _ _ _ _ \n\nself = <page_objects.admin_section.sections.catalog.products.products_page.ProductsPage object at 0x7efecd66d6d0>\nlocator = 'xpath'\nselector = '//tbody/tr[./td[contains(text(), \"Canon\")]]//input', timeout = 5\n\n    def find_element_with_wait(self, locator, selector, timeout=5):\n        self.logger.debug(f\"Поиск элемента '{selector}'\")\n        try:\n            element = WebDriverWait(self.browser, timeout).until(EC.presence_of_element_located((locator, selector)))\n        except TimeoutException:\n            self.attach_screenshot_to_report()\n>           raise AssertionError(\"Не найден элемент с селектором: {}\".format(selector))\nE           AssertionError: Не найден элемент с селектором: //tbody/tr[./td[contains(text(), \"Canon\")]]//input\n\n../page_objects/base_page.py:21: AssertionError",
    "steps" : [ {
      "name" : "Перейти на страницу авторизации",
      "time" : {
        "start" : 1634665522793,
        "stop" : 1634665525216,
        "duration" : 2423
      },
      "status" : "passed",
      "steps" : [ ],
      "attachments" : [ ],
      "parameters" : [ {
        "name" : "_url",
        "value" : "'http://192.168.1.123:8081/'"
      } ],
      "stepsCount" : 0,
      "attachmentsCount" : 0,
      "shouldDisplayMessage" : false,
      "hasContent" : true
    }, {
      "name" : "Ввести логин ",
      "time" : {
        "start" : 1634665525217,
        "stop" : 1634665525419,
        "duration" : 202
      },
      "status" : "passed",
      "steps" : [ ],
      "attachments" : [ ],
      "parameters" : [ {
        "name" : "login",
        "value" : "'user'"
      } ],
      "stepsCount" : 0,
      "attachmentsCount" : 0,
      "shouldDisplayMessage" : false,
      "hasContent" : true
    }, {
      "name" : "Ввести пароль",
      "time" : {
        "start" : 1634665525419,
        "stop" : 1634665525615,
        "duration" : 196
      },
      "status" : "passed",
      "steps" : [ ],
      "attachments" : [ ],
      "parameters" : [ {
        "name" : "password",
        "value" : "'bitnami'"
      } ],
      "stepsCount" : 0,
      "attachmentsCount" : 0,
      "shouldDisplayMessage" : false,
      "hasContent" : true
    }, {
      "name" : "Авторизоваться",
      "time" : {
        "start" : 1634665525616,
        "stop" : 1634665527347,
        "duration" : 1731
      },
      "status" : "passed",
      "steps" : [ ],
      "attachments" : [ ],
      "parameters" : [ ],
      "stepsCount" : 0,
      "attachmentsCount" : 0,
      "shouldDisplayMessage" : false,
      "hasContent" : false
    }, {
      "name" : "Открыть раздел меню",
      "time" : {
        "start" : 1634665527348,
        "stop" : 1634665528710,
        "duration" : 1362
      },
      "status" : "passed",
      "steps" : [ ],
      "attachments" : [ ],
      "parameters" : [ {
        "name" : "selector",
        "value" : "<Sections.CATALOG_SECTION: ('xpath', \"//a[@href='#collapse1']\")>"
      } ],
      "stepsCount" : 0,
      "attachmentsCount" : 0,
      "shouldDisplayMessage" : false,
      "hasContent" : true
    }, {
      "name" : "Открыть подраздел",
      "time" : {
        "start" : 1634665528710,
        "stop" : 1634665530316,
        "duration" : 1606
      },
      "status" : "passed",
      "steps" : [ ],
      "attachments" : [ ],
      "parameters" : [ {
        "name" : "selector",
        "value" : "<Sections.PRODUCTS_SUBSECTION: ('xpath', \"//nav//a[contains(text(),'Product')]\")>"
      } ],
      "stepsCount" : 0,
      "attachmentsCount" : 0,
      "shouldDisplayMessage" : false,
      "hasContent" : true
    }, {
      "name" : "Проставить чекбокс товара",
      "time" : {
        "start" : 1634665530317,
        "stop" : 1634665536803,
        "duration" : 6486
      },
      "status" : "failed",
      "statusMessage" : "AssertionError: Не найден элемент с селектором: //tbody/tr[./td[contains(text(), \"Canon\")]]//input\n",
      "statusTrace" : "  File \"/home/pbochkarev/sources/selenium_logs/venv/lib/python3.8/site-packages/allure_commons/_allure.py\", line 172, in impl\n    return func(*a, **kw)\n  File \"/home/pbochkarev/sources/selenium_logs/page_objects/admin_section/sections/catalog/products/products_page.py\", line 29, in checkbox_click\n    self.click_button(*product_checkbox)\n  File \"/home/pbochkarev/sources/selenium_logs/page_objects/base_page.py\", line 46, in click_button\n    button = self.find_element_with_wait(locator, selector)\n  File \"/home/pbochkarev/sources/selenium_logs/page_objects/base_page.py\", line 21, in find_element_with_wait\n    raise AssertionError(\"Не найден элемент с селектором: {}\".format(selector))\n",
      "steps" : [ ],
      "attachments" : [ {
        "uid" : "feca70d841be851e",
        "name" : "93ea0965add168260f1697918b2dfc0c",
        "source" : "feca70d841be851e.png",
        "type" : "image/png",
        "size" : 174237
      } ],
      "parameters" : [ {
        "name" : "product_name",
        "value" : "'Canon'"
      } ],
      "stepsCount" : 0,
      "attachmentsCount" : 1,
      "shouldDisplayMessage" : true,
      "hasContent" : true
    } ],
    "attachments" : [ {
      "uid" : "9959aea3e43fab63",
      "name" : "log",
      "source" : "9959aea3e43fab63.txt",
      "type" : "text/plain",
      "size" : 695
    }, {
      "uid" : "8e11b15d2d56d7c5",
      "name" : "stdout",
      "source" : "8e11b15d2d56d7c5.txt",
      "type" : "text/plain",
      "size" : 52
    } ],
    "parameters" : [ ],
    "stepsCount" : 7,
    "attachmentsCount" : 3,
    "shouldDisplayMessage" : true,
    "hasContent" : true
  },
  "afterStages" : [ {
    "name" : "browser::final",
    "time" : {
      "start" : 1634665536859,
      "stop" : 1634665536918,
      "duration" : 59
    },
    "status" : "passed",
    "steps" : [ ],
    "attachments" : [ ],
    "parameters" : [ ],
    "stepsCount" : 0,
    "attachmentsCount" : 0,
    "shouldDisplayMessage" : false,
    "hasContent" : false
  } ],
  "labels" : [ {
    "name" : "parentSuite",
    "value" : "tests"
  }, {
    "name" : "suite",
    "value" : "test_opencart"
  }, {
    "name" : "host",
    "value" : "pbochkarev-workmashine"
  }, {
    "name" : "thread",
    "value" : "153262-MainThread"
  }, {
    "name" : "framework",
    "value" : "pytest"
  }, {
    "name" : "language",
    "value" : "cpython3"
  }, {
    "name" : "package",
    "value" : "tests.test_opencart"
  }, {
    "name" : "resultFormat",
    "value" : "allure2"
  } ],
  "parameters" : [ ],
  "links" : [ ],
  "hidden" : false,
  "retry" : false,
  "extra" : {
    "severity" : "normal",
    "retries" : [ {
      "uid" : "764c4bfc2c26aa1f",
      "status" : "failed",
      "statusDetails" : "AssertionError: Не найден элемент с селектором: //tbody/tr[./td[contains(text(), \"Canon\")]]//input",
      "time" : {
        "start" : 1634665480847,
        "stop" : 1634665491925,
        "duration" : 11078
      }
    }, {
      "uid" : "277bae0caaec974f",
      "status" : "failed",
      "statusDetails" : "AssertionError: Не найден элемент с селектором: //tbody/tr[./td[contains(text(), \"Canon\")]]//input",
      "time" : {
        "start" : 1634663868490,
        "stop" : 1634663879538,
        "duration" : 11048
      }
    }, {
      "uid" : "c7be487544d94115",
      "status" : "failed",
      "statusDetails" : "AssertionError: Не найден элемент с селектором: //tbody/tr[./td[contains(text(), \"Canon\")]]//input",
      "time" : {
        "start" : 1634663467999,
        "stop" : 1634663479096,
        "duration" : 11097
      }
    }, {
      "uid" : "2eeb764595c88335",
      "status" : "failed",
      "statusDetails" : "AssertionError: Не найден элемент с селектором: //tbody/tr[./td[contains(text(), \"Canon\")]]//input",
      "time" : {
        "start" : 1634586173787,
        "stop" : 1634586185120,
        "duration" : 11333
      }
    } ],
    "categories" : [ {
      "name" : "Product defects",
      "matchedStatuses" : [ "failed" ],
      "flaky" : false
    } ],
    "tags" : [ ]
  },
  "source" : "22d8708f5bea3d30.json",
  "parameterValues" : [ ]
}