{
  "uid" : "277bae0caaec974f",
  "name" : "Удаление товара из списка в разделе администартора",
  "fullName" : "tests.test_opencart#test_delete_product",
  "historyId" : "47fa9a9d0b0287c16f0d3398478561c6",
  "time" : {
    "start" : 1634663868490,
    "stop" : 1634663879538,
    "duration" : 11048
  },
  "status" : "failed",
  "statusMessage" : "AssertionError: Не найден элемент с селектором: //tbody/tr[./td[contains(text(), \"Canon\")]]//input",
  "statusTrace" : "self = <page_objects.admin_section.sections.catalog.products.products_page.ProductsPage object at 0x7f52267a9670>\nlocator = 'xpath'\nselector = '//tbody/tr[./td[contains(text(), \"Canon\")]]//input', timeout = 5\n\n    def find_element_with_wait(self, locator, selector, timeout=5):\n        self.logger.debug(f\"Поиск элемента '{selector}'\")\n        try:\n>           element = WebDriverWait(self.browser, timeout).until(EC.presence_of_element_located((locator, selector)))\n\n../page_objects/base_page.py:18: \n_ _ _ _ _ _ _ _ _ _ _ _ _ _ _ _ _ _ _ _ _ _ _ _ _ _ _ _ _ _ _ _ _ _ _ _ _ _ _ _ \n\nself = <selenium.webdriver.support.wait.WebDriverWait (session=\"8c2f34c3753411e36c2f603eb49a29cb\")>\nmethod = <selenium.webdriver.support.expected_conditions.presence_of_element_located object at 0x7f52267ad760>\nmessage = ''\n\n    def until(self, method, message=''):\n        \"\"\"Calls the method provided with the driver as an argument until the \\\n        return value is not False.\"\"\"\n        screen = None\n        stacktrace = None\n    \n        end_time = time.time() + self._timeout\n        while True:\n            try:\n                value = method(self._driver)\n                if value:\n                    return value\n            except self._ignored_exceptions as exc:\n                screen = getattr(exc, 'screen', None)\n                stacktrace = getattr(exc, 'stacktrace', None)\n            time.sleep(self._poll)\n            if time.time() > end_time:\n                break\n>       raise TimeoutException(message, screen, stacktrace)\nE       selenium.common.exceptions.TimeoutException: Message:\n\n../venv/lib/python3.8/site-packages/selenium/webdriver/support/wait.py:80: TimeoutException\n\nDuring handling of the above exception, another exception occurred:\n\nbrowser = <selenium.webdriver.remote.webdriver.WebDriver (session=\"8c2f34c3753411e36c2f603eb49a29cb\")>\nurl = 'http://192.168.1.123:8081/'\n\n    @allure.title(\"Удаление товара из списка в разделе администартора\")\n    def test_delete_product(browser, url):\n        login_page = LoginPage(browser)\n        menu = NavigationPanel(browser)\n        browser_alert = BrowserAlert(browser)\n        title_panel = TitlePanel(browser)\n        login_page.open_page(url)\n        login_page.sign_in(\"user\", \"bitnami\")\n        menu.open_section(Sections.CATALOG_SECTION)\n        menu.open_subsection(Sections.PRODUCTS_SUBSECTION)\n        products_page = ProductsPage(browser)\n>       products_page.checkbox_click(\"Canon\")\n\ntest_opencart.py:47: \n_ _ _ _ _ _ _ _ _ _ _ _ _ _ _ _ _ _ _ _ _ _ _ _ _ _ _ _ _ _ _ _ _ _ _ _ _ _ _ _ \n../page_objects/admin_section/sections/catalog/products/products_page.py:30: in checkbox_click\n    self.click_button(*product_checkbox)\n../page_objects/base_page.py:46: in click_button\n    button = self.find_element_with_wait(locator, selector)\n_ _ _ _ _ _ _ _ _ _ _ _ _ _ _ _ _ _ _ _ _ _ _ _ _ _ _ _ _ _ _ _ _ _ _ _ _ _ _ _ \n\nself = <page_objects.admin_section.sections.catalog.products.products_page.ProductsPage object at 0x7f52267a9670>\nlocator = 'xpath'\nselector = '//tbody/tr[./td[contains(text(), \"Canon\")]]//input', timeout = 5\n\n    def find_element_with_wait(self, locator, selector, timeout=5):\n        self.logger.debug(f\"Поиск элемента '{selector}'\")\n        try:\n            element = WebDriverWait(self.browser, timeout).until(EC.presence_of_element_located((locator, selector)))\n        except TimeoutException:\n            self.attach_screenshot_to_report()\n>           raise AssertionError(\"Не найден элемент с селектором: {}\".format(selector))\nE           AssertionError: Не найден элемент с селектором: //tbody/tr[./td[contains(text(), \"Canon\")]]//input\n\n../page_objects/base_page.py:21: AssertionError",
  "flaky" : false,
  "newFailed" : false,
  "beforeStages" : [ {
    "name" : "browser",
    "time" : {
      "start" : 1634663853377,
      "stop" : 1634663854982,
      "duration" : 1605
    },
    "status" : "passed",
    "steps" : [ ],
    "attachments" : [ ],
    "parameters" : [ ],
    "stepsCount" : 0,
    "attachmentsCount" : 0,
    "shouldDisplayMessage" : false,
    "hasContent" : false
  }, {
    "name" : "url",
    "time" : {
      "start" : 1634663868489,
      "stop" : 1634663868489,
      "duration" : 0
    },
    "status" : "passed",
    "steps" : [ ],
    "attachments" : [ ],
    "parameters" : [ ],
    "stepsCount" : 0,
    "attachmentsCount" : 0,
    "shouldDisplayMessage" : false,
    "hasContent" : false
  } ],
  "testStage" : {
    "status" : "failed",
    "statusMessage" : "AssertionError: Не найден элемент с селектором: //tbody/tr[./td[contains(text(), \"Canon\")]]//input",
    "statusTrace" : "self = <page_objects.admin_section.sections.catalog.products.products_page.ProductsPage object at 0x7f52267a9670>\nlocator = 'xpath'\nselector = '//tbody/tr[./td[contains(text(), \"Canon\")]]//input', timeout = 5\n\n    def find_element_with_wait(self, locator, selector, timeout=5):\n        self.logger.debug(f\"Поиск элемента '{selector}'\")\n        try:\n>           element = WebDriverWait(self.browser, timeout).until(EC.presence_of_element_located((locator, selector)))\n\n../page_objects/base_page.py:18: \n_ _ _ _ _ _ _ _ _ _ _ _ _ _ _ _ _ _ _ _ _ _ _ _ _ _ _ _ _ _ _ _ _ _ _ _ _ _ _ _ \n\nself = <selenium.webdriver.support.wait.WebDriverWait (session=\"8c2f34c3753411e36c2f603eb49a29cb\")>\nmethod = <selenium.webdriver.support.expected_conditions.presence_of_element_located object at 0x7f52267ad760>\nmessage = ''\n\n    def until(self, method, message=''):\n        \"\"\"Calls the method provided with the driver as an argument until the \\\n        return value is not False.\"\"\"\n        screen = None\n        stacktrace = None\n    \n        end_time = time.time() + self._timeout\n        while True:\n            try:\n                value = method(self._driver)\n                if value:\n                    return value\n            except self._ignored_exceptions as exc:\n                screen = getattr(exc, 'screen', None)\n                stacktrace = getattr(exc, 'stacktrace', None)\n            time.sleep(self._poll)\n            if time.time() > end_time:\n                break\n>       raise TimeoutException(message, screen, stacktrace)\nE       selenium.common.exceptions.TimeoutException: Message:\n\n../venv/lib/python3.8/site-packages/selenium/webdriver/support/wait.py:80: TimeoutException\n\nDuring handling of the above exception, another exception occurred:\n\nbrowser = <selenium.webdriver.remote.webdriver.WebDriver (session=\"8c2f34c3753411e36c2f603eb49a29cb\")>\nurl = 'http://192.168.1.123:8081/'\n\n    @allure.title(\"Удаление товара из списка в разделе администартора\")\n    def test_delete_product(browser, url):\n        login_page = LoginPage(browser)\n        menu = NavigationPanel(browser)\n        browser_alert = BrowserAlert(browser)\n        title_panel = TitlePanel(browser)\n        login_page.open_page(url)\n        login_page.sign_in(\"user\", \"bitnami\")\n        menu.open_section(Sections.CATALOG_SECTION)\n        menu.open_subsection(Sections.PRODUCTS_SUBSECTION)\n        products_page = ProductsPage(browser)\n>       products_page.checkbox_click(\"Canon\")\n\ntest_opencart.py:47: \n_ _ _ _ _ _ _ _ _ _ _ _ _ _ _ _ _ _ _ _ _ _ _ _ _ _ _ _ _ _ _ _ _ _ _ _ _ _ _ _ \n../page_objects/admin_section/sections/catalog/products/products_page.py:30: in checkbox_click\n    self.click_button(*product_checkbox)\n../page_objects/base_page.py:46: in click_button\n    button = self.find_element_with_wait(locator, selector)\n_ _ _ _ _ _ _ _ _ _ _ _ _ _ _ _ _ _ _ _ _ _ _ _ _ _ _ _ _ _ _ _ _ _ _ _ _ _ _ _ \n\nself = <page_objects.admin_section.sections.catalog.products.products_page.ProductsPage object at 0x7f52267a9670>\nlocator = 'xpath'\nselector = '//tbody/tr[./td[contains(text(), \"Canon\")]]//input', timeout = 5\n\n    def find_element_with_wait(self, locator, selector, timeout=5):\n        self.logger.debug(f\"Поиск элемента '{selector}'\")\n        try:\n            element = WebDriverWait(self.browser, timeout).until(EC.presence_of_element_located((locator, selector)))\n        except TimeoutException:\n            self.attach_screenshot_to_report()\n>           raise AssertionError(\"Не найден элемент с селектором: {}\".format(selector))\nE           AssertionError: Не найден элемент с селектором: //tbody/tr[./td[contains(text(), \"Canon\")]]//input\n\n../page_objects/base_page.py:21: AssertionError",
    "steps" : [ {
      "name" : "Перейти на страницу авторизации",
      "time" : {
        "start" : 1634663868490,
        "stop" : 1634663868612,
        "duration" : 122
      },
      "status" : "passed",
      "steps" : [ ],
      "attachments" : [ ],
      "parameters" : [ {
        "name" : "_url",
        "value" : "'http://192.168.1.123:8081/'"
      } ],
      "stepsCount" : 0,
      "attachmentsCount" : 0,
      "shouldDisplayMessage" : false,
      "hasContent" : true
    } ],
    "attachments" : [ {
      "uid" : "89c5030fbae0552a",
      "name" : "8c2f34c3753411e36c2f603eb49a29cb",
      "source" : "89c5030fbae0552a.png",
      "type" : "image/png",
      "size" : 174237
    }, {
      "uid" : "a11cd08ca5767d70",
      "name" : "log",
      "source" : "a11cd08ca5767d70.txt",
      "type" : "text/plain",
      "size" : 695
    } ],
    "parameters" : [ ],
    "stepsCount" : 1,
    "attachmentsCount" : 2,
    "shouldDisplayMessage" : true,
    "hasContent" : true
  },
  "afterStages" : [ {
    "name" : "browser::final",
    "time" : {
      "start" : 1634663902228,
      "stop" : 1634663902292,
      "duration" : 64
    },
    "status" : "passed",
    "steps" : [ ],
    "attachments" : [ ],
    "parameters" : [ ],
    "stepsCount" : 0,
    "attachmentsCount" : 0,
    "shouldDisplayMessage" : false,
    "hasContent" : false
  } ],
  "labels" : [ {
    "name" : "parentSuite",
    "value" : "tests"
  }, {
    "name" : "suite",
    "value" : "test_opencart"
  }, {
    "name" : "host",
    "value" : "pbochkarev-workmashine"
  }, {
    "name" : "thread",
    "value" : "150513-MainThread"
  }, {
    "name" : "framework",
    "value" : "pytest"
  }, {
    "name" : "language",
    "value" : "cpython3"
  }, {
    "name" : "package",
    "value" : "tests.test_opencart"
  }, {
    "name" : "resultFormat",
    "value" : "allure2"
  } ],
  "parameters" : [ ],
  "links" : [ ],
  "hidden" : true,
  "retry" : true,
  "extra" : {
    "categories" : [ ],
    "tags" : [ ]
  },
  "source" : "277bae0caaec974f.json",
  "parameterValues" : [ ]
}