{
  "uid" : "2c87b5f3483992be",
  "name" : "test_new_customer_registration",
  "fullName" : "tests.test_opencart#test_new_customer_registration",
  "historyId" : "b8a7455e7804c3784059a2b6029c24ce",
  "time" : {
    "start" : 1634364826990,
    "stop" : 1634364863441,
    "duration" : 36451
  },
  "description" : "\n    Регистрация нового пользователя в магазине опенкарта.\n    ",
  "descriptionHtml" : "<pre><code>Регистрация нового пользователя в магазине опенкарта.\n</code></pre>\n",
  "status" : "failed",
  "statusMessage" : "AssertionError: Не найден элемент с селектором: //h1[text()=\"Your Account Has Been Created!\"]",
  "statusTrace" : "self = <page_objects.customer_section.pages.register_page.RegisterPage object at 0x7efc6a368c40>\nlocator = 'xpath', selector = '//h1[text()=\"Your Account Has Been Created!\"]'\ntimeout = 5\n\n    def find_element_with_wait(self, locator, selector, timeout=5):\n        self.logger.debug(f\"Поиск элемента '{selector}'\")\n        try:\n>           element = WebDriverWait(self.browser, timeout).until(EC.presence_of_element_located((locator, selector)))\n\n../page_objects/base_page.py:17: \n_ _ _ _ _ _ _ _ _ _ _ _ _ _ _ _ _ _ _ _ _ _ _ _ _ _ _ _ _ _ _ _ _ _ _ _ _ _ _ _ \n\nself = <selenium.webdriver.support.wait.WebDriverWait (session=\"cb09d637603eb2591601b6ea886d890d\")>\nmethod = <selenium.webdriver.support.expected_conditions.presence_of_element_located object at 0x7efc6a3484f0>\nmessage = ''\n\n    def until(self, method, message=''):\n        \"\"\"Calls the method provided with the driver as an argument until the \\\n        return value is not False.\"\"\"\n        screen = None\n        stacktrace = None\n    \n        end_time = time.time() + self._timeout\n        while True:\n            try:\n                value = method(self._driver)\n                if value:\n                    return value\n            except self._ignored_exceptions as exc:\n                screen = getattr(exc, 'screen', None)\n                stacktrace = getattr(exc, 'stacktrace', None)\n            time.sleep(self._poll)\n            if time.time() > end_time:\n                break\n>       raise TimeoutException(message, screen, stacktrace)\nE       selenium.common.exceptions.TimeoutException: Message:\n\n../venv/lib/python3.8/site-packages/selenium/webdriver/support/wait.py:80: TimeoutException\n\nDuring handling of the above exception, another exception occurred:\n\nbrowser = <selenium.webdriver.remote.webdriver.WebDriver (session=\"cb09d637603eb2591601b6ea886d890d\")>\nurl = 'http://192.168.1.123:8081/'\n\n    def test_new_customer_registration(browser, url):\n        '''\n        Регистрация нового пользователя в магазине опенкарта.\n        '''\n        page = HomePage(browser)\n        panel = UpperUserPanel(browser)\n        page.open_page(url)\n        panel.go_to_register()\n        register_page = RegisterPage(browser)\n        register_page.enter_all_user_fields()\n        register_page.click_privacy_policy_checkbox()\n        register_page.click_continue()\n>       register_page.check_successfully_created()\n\ntest_opencart.py:69: \n_ _ _ _ _ _ _ _ _ _ _ _ _ _ _ _ _ _ _ _ _ _ _ _ _ _ _ _ _ _ _ _ _ _ _ _ _ _ _ _ \n../page_objects/customer_section/pages/register_page.py:71: in check_successfully_created\n    self.find_element_with_wait(*SUCCESSFUL_TITLE)\n_ _ _ _ _ _ _ _ _ _ _ _ _ _ _ _ _ _ _ _ _ _ _ _ _ _ _ _ _ _ _ _ _ _ _ _ _ _ _ _ \n\nself = <page_objects.customer_section.pages.register_page.RegisterPage object at 0x7efc6a368c40>\nlocator = 'xpath', selector = '//h1[text()=\"Your Account Has Been Created!\"]'\ntimeout = 5\n\n    def find_element_with_wait(self, locator, selector, timeout=5):\n        self.logger.debug(f\"Поиск элемента '{selector}'\")\n        try:\n            element = WebDriverWait(self.browser, timeout).until(EC.presence_of_element_located((locator, selector)))\n        except TimeoutException:\n>           raise AssertionError(\"Не найден элемент с селектором: {}\".format(selector))\nE           AssertionError: Не найден элемент с селектором: //h1[text()=\"Your Account Has Been Created!\"]\n\n../page_objects/base_page.py:19: AssertionError",
  "flaky" : false,
  "newFailed" : false,
  "beforeStages" : [ {
    "name" : "browser",
    "time" : {
      "start" : 1634364819529,
      "stop" : 1634364826986,
      "duration" : 7457
    },
    "status" : "passed",
    "steps" : [ ],
    "attachments" : [ ],
    "parameters" : [ ],
    "stepsCount" : 0,
    "attachmentsCount" : 0,
    "shouldDisplayMessage" : false,
    "hasContent" : false
  }, {
    "name" : "url",
    "time" : {
      "start" : 1634364826987,
      "stop" : 1634364826987,
      "duration" : 0
    },
    "status" : "passed",
    "steps" : [ ],
    "attachments" : [ ],
    "parameters" : [ ],
    "stepsCount" : 0,
    "attachmentsCount" : 0,
    "shouldDisplayMessage" : false,
    "hasContent" : false
  } ],
  "testStage" : {
    "description" : "\n    Регистрация нового пользователя в магазине опенкарта.\n    ",
    "status" : "failed",
    "statusMessage" : "AssertionError: Не найден элемент с селектором: //h1[text()=\"Your Account Has Been Created!\"]",
    "statusTrace" : "self = <page_objects.customer_section.pages.register_page.RegisterPage object at 0x7efc6a368c40>\nlocator = 'xpath', selector = '//h1[text()=\"Your Account Has Been Created!\"]'\ntimeout = 5\n\n    def find_element_with_wait(self, locator, selector, timeout=5):\n        self.logger.debug(f\"Поиск элемента '{selector}'\")\n        try:\n>           element = WebDriverWait(self.browser, timeout).until(EC.presence_of_element_located((locator, selector)))\n\n../page_objects/base_page.py:17: \n_ _ _ _ _ _ _ _ _ _ _ _ _ _ _ _ _ _ _ _ _ _ _ _ _ _ _ _ _ _ _ _ _ _ _ _ _ _ _ _ \n\nself = <selenium.webdriver.support.wait.WebDriverWait (session=\"cb09d637603eb2591601b6ea886d890d\")>\nmethod = <selenium.webdriver.support.expected_conditions.presence_of_element_located object at 0x7efc6a3484f0>\nmessage = ''\n\n    def until(self, method, message=''):\n        \"\"\"Calls the method provided with the driver as an argument until the \\\n        return value is not False.\"\"\"\n        screen = None\n        stacktrace = None\n    \n        end_time = time.time() + self._timeout\n        while True:\n            try:\n                value = method(self._driver)\n                if value:\n                    return value\n            except self._ignored_exceptions as exc:\n                screen = getattr(exc, 'screen', None)\n                stacktrace = getattr(exc, 'stacktrace', None)\n            time.sleep(self._poll)\n            if time.time() > end_time:\n                break\n>       raise TimeoutException(message, screen, stacktrace)\nE       selenium.common.exceptions.TimeoutException: Message:\n\n../venv/lib/python3.8/site-packages/selenium/webdriver/support/wait.py:80: TimeoutException\n\nDuring handling of the above exception, another exception occurred:\n\nbrowser = <selenium.webdriver.remote.webdriver.WebDriver (session=\"cb09d637603eb2591601b6ea886d890d\")>\nurl = 'http://192.168.1.123:8081/'\n\n    def test_new_customer_registration(browser, url):\n        '''\n        Регистрация нового пользователя в магазине опенкарта.\n        '''\n        page = HomePage(browser)\n        panel = UpperUserPanel(browser)\n        page.open_page(url)\n        panel.go_to_register()\n        register_page = RegisterPage(browser)\n        register_page.enter_all_user_fields()\n        register_page.click_privacy_policy_checkbox()\n        register_page.click_continue()\n>       register_page.check_successfully_created()\n\ntest_opencart.py:69: \n_ _ _ _ _ _ _ _ _ _ _ _ _ _ _ _ _ _ _ _ _ _ _ _ _ _ _ _ _ _ _ _ _ _ _ _ _ _ _ _ \n../page_objects/customer_section/pages/register_page.py:71: in check_successfully_created\n    self.find_element_with_wait(*SUCCESSFUL_TITLE)\n_ _ _ _ _ _ _ _ _ _ _ _ _ _ _ _ _ _ _ _ _ _ _ _ _ _ _ _ _ _ _ _ _ _ _ _ _ _ _ _ \n\nself = <page_objects.customer_section.pages.register_page.RegisterPage object at 0x7efc6a368c40>\nlocator = 'xpath', selector = '//h1[text()=\"Your Account Has Been Created!\"]'\ntimeout = 5\n\n    def find_element_with_wait(self, locator, selector, timeout=5):\n        self.logger.debug(f\"Поиск элемента '{selector}'\")\n        try:\n            element = WebDriverWait(self.browser, timeout).until(EC.presence_of_element_located((locator, selector)))\n        except TimeoutException:\n>           raise AssertionError(\"Не найден элемент с селектором: {}\".format(selector))\nE           AssertionError: Не найден элемент с селектором: //h1[text()=\"Your Account Has Been Created!\"]\n\n../page_objects/base_page.py:19: AssertionError",
    "steps" : [ ],
    "attachments" : [ {
      "uid" : "a304605223880d79",
      "name" : "log",
      "source" : "a304605223880d79.txt",
      "type" : "text/plain",
      "size" : 1085
    } ],
    "parameters" : [ ],
    "stepsCount" : 0,
    "attachmentsCount" : 1,
    "shouldDisplayMessage" : true,
    "hasContent" : true
  },
  "afterStages" : [ {
    "name" : "browser::final",
    "time" : {
      "start" : 1634364863610,
      "stop" : 1634364863701,
      "duration" : 91
    },
    "status" : "passed",
    "steps" : [ ],
    "attachments" : [ ],
    "parameters" : [ ],
    "stepsCount" : 0,
    "attachmentsCount" : 0,
    "shouldDisplayMessage" : false,
    "hasContent" : false
  } ],
  "labels" : [ {
    "name" : "parentSuite",
    "value" : "tests"
  }, {
    "name" : "suite",
    "value" : "test_opencart"
  }, {
    "name" : "host",
    "value" : "pavel-Aspire-V3-571G"
  }, {
    "name" : "thread",
    "value" : "449199-MainThread"
  }, {
    "name" : "framework",
    "value" : "pytest"
  }, {
    "name" : "language",
    "value" : "cpython3"
  }, {
    "name" : "package",
    "value" : "tests.test_opencart"
  }, {
    "name" : "resultFormat",
    "value" : "allure2"
  } ],
  "parameters" : [ ],
  "links" : [ ],
  "hidden" : false,
  "retry" : false,
  "extra" : {
    "severity" : "normal",
    "retries" : [ {
      "uid" : "b4ec3de6998b4fd7",
      "status" : "failed",
      "statusDetails" : "AssertionError: Не найден элемент с селектором: //h1[text()=\"Your Account Has Been Created!\"]",
      "time" : {
        "start" : 1634364589928,
        "stop" : 1634364649610,
        "duration" : 59682
      }
    }, {
      "uid" : "28251bd22c590b75",
      "status" : "failed",
      "statusDetails" : "AssertionError: Не найден элемент с селектором: //h1[text()=\"Your Account Has Been Created!\"]",
      "time" : {
        "start" : 1634364192638,
        "stop" : 1634364366643,
        "duration" : 174005
      }
    } ],
    "categories" : [ {
      "name" : "Product defects",
      "matchedStatuses" : [ "failed" ],
      "flaky" : false
    } ],
    "tags" : [ ]
  },
  "source" : "2c87b5f3483992be.json",
  "parameterValues" : [ ]
}