{
  "uid" : "764c4bfc2c26aa1f",
  "name" : "Удаление товара из списка в разделе администартора",
  "fullName" : "tests.test_opencart#test_delete_product",
  "historyId" : "47fa9a9d0b0287c16f0d3398478561c6",
  "time" : {
    "start" : 1634665480847,
    "stop" : 1634665491925,
    "duration" : 11078
  },
  "status" : "failed",
  "statusMessage" : "AssertionError: Не найден элемент с селектором: //tbody/tr[./td[contains(text(), \"Canon\")]]//input",
  "statusTrace" : "self = <page_objects.admin_section.sections.catalog.products.products_page.ProductsPage object at 0x7fe8cf59dd30>\nlocator = 'xpath'\nselector = '//tbody/tr[./td[contains(text(), \"Canon\")]]//input', timeout = 5\n\n    def find_element_with_wait(self, locator, selector, timeout=5):\n        self.logger.debug(f\"Поиск элемента '{selector}'\")\n        try:\n>           element = WebDriverWait(self.browser, timeout).until(EC.presence_of_element_located((locator, selector)))\n\n../page_objects/base_page.py:18: \n_ _ _ _ _ _ _ _ _ _ _ _ _ _ _ _ _ _ _ _ _ _ _ _ _ _ _ _ _ _ _ _ _ _ _ _ _ _ _ _ \n\nself = <selenium.webdriver.support.wait.WebDriverWait (session=\"3fd2fd61a9f1ef07bd3f085fd6376cbe\")>\nmethod = <selenium.webdriver.support.expected_conditions.presence_of_element_located object at 0x7fe8cf422400>\nmessage = ''\n\n    def until(self, method, message=''):\n        \"\"\"Calls the method provided with the driver as an argument until the \\\n        return value is not False.\"\"\"\n        screen = None\n        stacktrace = None\n    \n        end_time = time.time() + self._timeout\n        while True:\n            try:\n                value = method(self._driver)\n                if value:\n                    return value\n            except self._ignored_exceptions as exc:\n                screen = getattr(exc, 'screen', None)\n                stacktrace = getattr(exc, 'stacktrace', None)\n            time.sleep(self._poll)\n            if time.time() > end_time:\n                break\n>       raise TimeoutException(message, screen, stacktrace)\nE       selenium.common.exceptions.TimeoutException: Message:\n\n../venv/lib/python3.8/site-packages/selenium/webdriver/support/wait.py:80: TimeoutException\n\nDuring handling of the above exception, another exception occurred:\n\nbrowser = <selenium.webdriver.remote.webdriver.WebDriver (session=\"3fd2fd61a9f1ef07bd3f085fd6376cbe\")>\nurl = 'http://192.168.1.123:8081/'\n\n    @allure.title(\"Удаление товара из списка в разделе администартора\")\n    def test_delete_product(browser, url):\n        login_page = LoginPage(browser)\n        menu = NavigationPanel(browser)\n        browser_alert = BrowserAlert(browser)\n        title_panel = TitlePanel(browser)\n        login_page.open_page(url)\n        login_page.sign_in(\"user\", \"bitnami\")\n        menu.open_section(Sections.CATALOG_SECTION)\n        menu.open_subsection(Sections.PRODUCTS_SUBSECTION)\n        products_page = ProductsPage(browser)\n>       products_page.checkbox_click(\"Canon\")\n\ntest_opencart.py:47: \n_ _ _ _ _ _ _ _ _ _ _ _ _ _ _ _ _ _ _ _ _ _ _ _ _ _ _ _ _ _ _ _ _ _ _ _ _ _ _ _ \n../page_objects/admin_section/sections/catalog/products/products_page.py:29: in checkbox_click\n    self.click_button(*product_checkbox)\n../page_objects/base_page.py:46: in click_button\n    button = self.find_element_with_wait(locator, selector)\n_ _ _ _ _ _ _ _ _ _ _ _ _ _ _ _ _ _ _ _ _ _ _ _ _ _ _ _ _ _ _ _ _ _ _ _ _ _ _ _ \n\nself = <page_objects.admin_section.sections.catalog.products.products_page.ProductsPage object at 0x7fe8cf59dd30>\nlocator = 'xpath'\nselector = '//tbody/tr[./td[contains(text(), \"Canon\")]]//input', timeout = 5\n\n    def find_element_with_wait(self, locator, selector, timeout=5):\n        self.logger.debug(f\"Поиск элемента '{selector}'\")\n        try:\n            element = WebDriverWait(self.browser, timeout).until(EC.presence_of_element_located((locator, selector)))\n        except TimeoutException:\n            self.attach_screenshot_to_report()\n>           raise AssertionError(\"Не найден элемент с селектором: {}\".format(selector))\nE           AssertionError: Не найден элемент с селектором: //tbody/tr[./td[contains(text(), \"Canon\")]]//input\n\n../page_objects/base_page.py:21: AssertionError",
  "flaky" : false,
  "newFailed" : false,
  "beforeStages" : [ {
    "name" : "browser",
    "time" : {
      "start" : 1634665465727,
      "stop" : 1634665467334,
      "duration" : 1607
    },
    "status" : "passed",
    "steps" : [ ],
    "attachments" : [ ],
    "parameters" : [ ],
    "stepsCount" : 0,
    "attachmentsCount" : 0,
    "shouldDisplayMessage" : false,
    "hasContent" : false
  }, {
    "name" : "url",
    "time" : {
      "start" : 1634665480846,
      "stop" : 1634665480846,
      "duration" : 0
    },
    "status" : "passed",
    "steps" : [ ],
    "attachments" : [ ],
    "parameters" : [ ],
    "stepsCount" : 0,
    "attachmentsCount" : 0,
    "shouldDisplayMessage" : false,
    "hasContent" : false
  } ],
  "testStage" : {
    "status" : "failed",
    "statusMessage" : "AssertionError: Не найден элемент с селектором: //tbody/tr[./td[contains(text(), \"Canon\")]]//input",
    "statusTrace" : "self = <page_objects.admin_section.sections.catalog.products.products_page.ProductsPage object at 0x7fe8cf59dd30>\nlocator = 'xpath'\nselector = '//tbody/tr[./td[contains(text(), \"Canon\")]]//input', timeout = 5\n\n    def find_element_with_wait(self, locator, selector, timeout=5):\n        self.logger.debug(f\"Поиск элемента '{selector}'\")\n        try:\n>           element = WebDriverWait(self.browser, timeout).until(EC.presence_of_element_located((locator, selector)))\n\n../page_objects/base_page.py:18: \n_ _ _ _ _ _ _ _ _ _ _ _ _ _ _ _ _ _ _ _ _ _ _ _ _ _ _ _ _ _ _ _ _ _ _ _ _ _ _ _ \n\nself = <selenium.webdriver.support.wait.WebDriverWait (session=\"3fd2fd61a9f1ef07bd3f085fd6376cbe\")>\nmethod = <selenium.webdriver.support.expected_conditions.presence_of_element_located object at 0x7fe8cf422400>\nmessage = ''\n\n    def until(self, method, message=''):\n        \"\"\"Calls the method provided with the driver as an argument until the \\\n        return value is not False.\"\"\"\n        screen = None\n        stacktrace = None\n    \n        end_time = time.time() + self._timeout\n        while True:\n            try:\n                value = method(self._driver)\n                if value:\n                    return value\n            except self._ignored_exceptions as exc:\n                screen = getattr(exc, 'screen', None)\n                stacktrace = getattr(exc, 'stacktrace', None)\n            time.sleep(self._poll)\n            if time.time() > end_time:\n                break\n>       raise TimeoutException(message, screen, stacktrace)\nE       selenium.common.exceptions.TimeoutException: Message:\n\n../venv/lib/python3.8/site-packages/selenium/webdriver/support/wait.py:80: TimeoutException\n\nDuring handling of the above exception, another exception occurred:\n\nbrowser = <selenium.webdriver.remote.webdriver.WebDriver (session=\"3fd2fd61a9f1ef07bd3f085fd6376cbe\")>\nurl = 'http://192.168.1.123:8081/'\n\n    @allure.title(\"Удаление товара из списка в разделе администартора\")\n    def test_delete_product(browser, url):\n        login_page = LoginPage(browser)\n        menu = NavigationPanel(browser)\n        browser_alert = BrowserAlert(browser)\n        title_panel = TitlePanel(browser)\n        login_page.open_page(url)\n        login_page.sign_in(\"user\", \"bitnami\")\n        menu.open_section(Sections.CATALOG_SECTION)\n        menu.open_subsection(Sections.PRODUCTS_SUBSECTION)\n        products_page = ProductsPage(browser)\n>       products_page.checkbox_click(\"Canon\")\n\ntest_opencart.py:47: \n_ _ _ _ _ _ _ _ _ _ _ _ _ _ _ _ _ _ _ _ _ _ _ _ _ _ _ _ _ _ _ _ _ _ _ _ _ _ _ _ \n../page_objects/admin_section/sections/catalog/products/products_page.py:29: in checkbox_click\n    self.click_button(*product_checkbox)\n../page_objects/base_page.py:46: in click_button\n    button = self.find_element_with_wait(locator, selector)\n_ _ _ _ _ _ _ _ _ _ _ _ _ _ _ _ _ _ _ _ _ _ _ _ _ _ _ _ _ _ _ _ _ _ _ _ _ _ _ _ \n\nself = <page_objects.admin_section.sections.catalog.products.products_page.ProductsPage object at 0x7fe8cf59dd30>\nlocator = 'xpath'\nselector = '//tbody/tr[./td[contains(text(), \"Canon\")]]//input', timeout = 5\n\n    def find_element_with_wait(self, locator, selector, timeout=5):\n        self.logger.debug(f\"Поиск элемента '{selector}'\")\n        try:\n            element = WebDriverWait(self.browser, timeout).until(EC.presence_of_element_located((locator, selector)))\n        except TimeoutException:\n            self.attach_screenshot_to_report()\n>           raise AssertionError(\"Не найден элемент с селектором: {}\".format(selector))\nE           AssertionError: Не найден элемент с селектором: //tbody/tr[./td[contains(text(), \"Canon\")]]//input\n\n../page_objects/base_page.py:21: AssertionError",
    "steps" : [ {
      "name" : "Перейти на страницу авторизации",
      "time" : {
        "start" : 1634665480848,
        "stop" : 1634665480969,
        "duration" : 121
      },
      "status" : "passed",
      "steps" : [ ],
      "attachments" : [ ],
      "parameters" : [ {
        "name" : "_url",
        "value" : "'http://192.168.1.123:8081/'"
      } ],
      "stepsCount" : 0,
      "attachmentsCount" : 0,
      "shouldDisplayMessage" : false,
      "hasContent" : true
    }, {
      "name" : "Ввести логин ",
      "time" : {
        "start" : 1634665480969,
        "stop" : 1634665481142,
        "duration" : 173
      },
      "status" : "passed",
      "steps" : [ ],
      "attachments" : [ ],
      "parameters" : [ {
        "name" : "login",
        "value" : "'user'"
      } ],
      "stepsCount" : 0,
      "attachmentsCount" : 0,
      "shouldDisplayMessage" : false,
      "hasContent" : true
    }, {
      "name" : "Ввести пароль",
      "time" : {
        "start" : 1634665481142,
        "stop" : 1634665481316,
        "duration" : 174
      },
      "status" : "passed",
      "steps" : [ ],
      "attachments" : [ ],
      "parameters" : [ {
        "name" : "password",
        "value" : "'bitnami'"
      } ],
      "stepsCount" : 0,
      "attachmentsCount" : 0,
      "shouldDisplayMessage" : false,
      "hasContent" : true
    }, {
      "name" : "Авторизоваться",
      "time" : {
        "start" : 1634665481316,
        "stop" : 1634665482899,
        "duration" : 1583
      },
      "status" : "passed",
      "steps" : [ ],
      "attachments" : [ ],
      "parameters" : [ ],
      "stepsCount" : 0,
      "attachmentsCount" : 0,
      "shouldDisplayMessage" : false,
      "hasContent" : false
    }, {
      "name" : "Открыть раздел меню",
      "time" : {
        "start" : 1634665482899,
        "stop" : 1634665484216,
        "duration" : 1317
      },
      "status" : "passed",
      "steps" : [ ],
      "attachments" : [ ],
      "parameters" : [ {
        "name" : "selector",
        "value" : "<Sections.CATALOG_SECTION: ('xpath', \"//a[@href='#collapse1']\")>"
      } ],
      "stepsCount" : 0,
      "attachmentsCount" : 0,
      "shouldDisplayMessage" : false,
      "hasContent" : true
    }, {
      "name" : "Открыть подраздел",
      "time" : {
        "start" : 1634665484217,
        "stop" : 1634665485737,
        "duration" : 1520
      },
      "status" : "passed",
      "steps" : [ ],
      "attachments" : [ ],
      "parameters" : [ {
        "name" : "selector",
        "value" : "<Sections.PRODUCTS_SUBSECTION: ('xpath', \"//nav//a[contains(text(),'Product')]\")>"
      } ],
      "stepsCount" : 0,
      "attachmentsCount" : 0,
      "shouldDisplayMessage" : false,
      "hasContent" : true
    }, {
      "name" : "Проставить чекбокс товара",
      "time" : {
        "start" : 1634665485737,
        "stop" : 1634665491919,
        "duration" : 6182
      },
      "status" : "failed",
      "statusMessage" : "AssertionError: Не найден элемент с селектором: //tbody/tr[./td[contains(text(), \"Canon\")]]//input\n",
      "statusTrace" : "  File \"/home/pbochkarev/sources/selenium_logs/venv/lib/python3.8/site-packages/allure_commons/_allure.py\", line 172, in impl\n    return func(*a, **kw)\n  File \"/home/pbochkarev/sources/selenium_logs/page_objects/admin_section/sections/catalog/products/products_page.py\", line 29, in checkbox_click\n    self.click_button(*product_checkbox)\n  File \"/home/pbochkarev/sources/selenium_logs/page_objects/base_page.py\", line 46, in click_button\n    button = self.find_element_with_wait(locator, selector)\n  File \"/home/pbochkarev/sources/selenium_logs/page_objects/base_page.py\", line 21, in find_element_with_wait\n    raise AssertionError(\"Не найден элемент с селектором: {}\".format(selector))\n",
      "steps" : [ ],
      "attachments" : [ {
        "uid" : "716204ed72a47cff",
        "name" : "3fd2fd61a9f1ef07bd3f085fd6376cbe",
        "source" : "716204ed72a47cff.png",
        "type" : "image/png",
        "size" : 174237
      } ],
      "parameters" : [ {
        "name" : "product_name",
        "value" : "'Canon'"
      } ],
      "stepsCount" : 0,
      "attachmentsCount" : 1,
      "shouldDisplayMessage" : true,
      "hasContent" : true
    } ],
    "attachments" : [ {
      "uid" : "1174bffab7ec675c",
      "name" : "log",
      "source" : "1174bffab7ec675c.txt",
      "type" : "text/plain",
      "size" : 695
    } ],
    "parameters" : [ ],
    "stepsCount" : 7,
    "attachmentsCount" : 2,
    "shouldDisplayMessage" : true,
    "hasContent" : true
  },
  "afterStages" : [ {
    "name" : "browser::final",
    "time" : {
      "start" : 1634665514668,
      "stop" : 1634665514794,
      "duration" : 126
    },
    "status" : "passed",
    "steps" : [ ],
    "attachments" : [ ],
    "parameters" : [ ],
    "stepsCount" : 0,
    "attachmentsCount" : 0,
    "shouldDisplayMessage" : false,
    "hasContent" : false
  } ],
  "labels" : [ {
    "name" : "parentSuite",
    "value" : "tests"
  }, {
    "name" : "suite",
    "value" : "test_opencart"
  }, {
    "name" : "host",
    "value" : "pbochkarev-workmashine"
  }, {
    "name" : "thread",
    "value" : "153190-MainThread"
  }, {
    "name" : "framework",
    "value" : "pytest"
  }, {
    "name" : "language",
    "value" : "cpython3"
  }, {
    "name" : "package",
    "value" : "tests.test_opencart"
  }, {
    "name" : "resultFormat",
    "value" : "allure2"
  } ],
  "parameters" : [ ],
  "links" : [ ],
  "hidden" : true,
  "retry" : true,
  "extra" : {
    "categories" : [ ],
    "tags" : [ ]
  },
  "source" : "764c4bfc2c26aa1f.json",
  "parameterValues" : [ ]
}