{
  "uid" : "90f9f598d15057b5",
  "name" : "test_delete_product",
  "fullName" : "tests.test_opencart#test_delete_product",
  "historyId" : "47fa9a9d0b0287c16f0d3398478561c6",
  "time" : {
    "start" : 1634364826913,
    "stop" : 1634364858045,
    "duration" : 31132
  },
  "description" : "\n    Удаление товара из списка в разделе администартора.\n    ",
  "descriptionHtml" : "<pre><code>Удаление товара из списка в разделе администартора.\n</code></pre>\n",
  "status" : "failed",
  "statusMessage" : "AssertionError: Не найден элемент с селектором: //tbody/tr[./td[contains(text(), \"Canon\")]]//input",
  "statusTrace" : "self = <page_objects.admin_section.sections.catalog.products.products_page.ProductsPage object at 0x7feb78d26430>\nlocator = 'xpath'\nselector = '//tbody/tr[./td[contains(text(), \"Canon\")]]//input', timeout = 5\n\n    def find_element_with_wait(self, locator, selector, timeout=5):\n        self.logger.debug(f\"Поиск элемента '{selector}'\")\n        try:\n>           element = WebDriverWait(self.browser, timeout).until(EC.presence_of_element_located((locator, selector)))\n\n../page_objects/base_page.py:17: \n_ _ _ _ _ _ _ _ _ _ _ _ _ _ _ _ _ _ _ _ _ _ _ _ _ _ _ _ _ _ _ _ _ _ _ _ _ _ _ _ \n\nself = <selenium.webdriver.support.wait.WebDriverWait (session=\"66ade0bbe4700bf2dbf4e6408344a8aa\")>\nmethod = <selenium.webdriver.support.expected_conditions.presence_of_element_located object at 0x7feb78d263d0>\nmessage = ''\n\n    def until(self, method, message=''):\n        \"\"\"Calls the method provided with the driver as an argument until the \\\n        return value is not False.\"\"\"\n        screen = None\n        stacktrace = None\n    \n        end_time = time.time() + self._timeout\n        while True:\n            try:\n                value = method(self._driver)\n                if value:\n                    return value\n            except self._ignored_exceptions as exc:\n                screen = getattr(exc, 'screen', None)\n                stacktrace = getattr(exc, 'stacktrace', None)\n            time.sleep(self._poll)\n            if time.time() > end_time:\n                break\n>       raise TimeoutException(message, screen, stacktrace)\nE       selenium.common.exceptions.TimeoutException: Message:\n\n../venv/lib/python3.8/site-packages/selenium/webdriver/support/wait.py:80: TimeoutException\n\nDuring handling of the above exception, another exception occurred:\n\nbrowser = <selenium.webdriver.remote.webdriver.WebDriver (session=\"66ade0bbe4700bf2dbf4e6408344a8aa\")>\nurl = 'http://192.168.1.123:8081/'\n\n    def test_delete_product(browser, url):\n        '''\n        Удаление товара из списка в разделе администартора.\n        '''\n        login_page = LoginPage(browser)\n        menu = NavigationPanel(browser)\n        browser_alert = BrowserAlert(browser)\n        title_panel = TitlePanel(browser)\n        login_page.open_page(url)\n        login_page.sign_in(\"user\", \"bitnami\")\n        menu.open_section(Sections.CATALOG_SECTION)\n        menu.open_subsection(Sections.PRODUCTS_SUBSECTION)\n        products_page = ProductsPage(browser)\n>       products_page.checkbox_click(\"Canon\")\n\ntest_opencart.py:51: \n_ _ _ _ _ _ _ _ _ _ _ _ _ _ _ _ _ _ _ _ _ _ _ _ _ _ _ _ _ _ _ _ _ _ _ _ _ _ _ _ \n../page_objects/admin_section/sections/catalog/products/products_page.py:30: in checkbox_click\n    self.click_button(*product_checkbox)\n../page_objects/base_page.py:42: in click_button\n    button = self.find_element_with_wait(locator, selector)\n_ _ _ _ _ _ _ _ _ _ _ _ _ _ _ _ _ _ _ _ _ _ _ _ _ _ _ _ _ _ _ _ _ _ _ _ _ _ _ _ \n\nself = <page_objects.admin_section.sections.catalog.products.products_page.ProductsPage object at 0x7feb78d26430>\nlocator = 'xpath'\nselector = '//tbody/tr[./td[contains(text(), \"Canon\")]]//input', timeout = 5\n\n    def find_element_with_wait(self, locator, selector, timeout=5):\n        self.logger.debug(f\"Поиск элемента '{selector}'\")\n        try:\n            element = WebDriverWait(self.browser, timeout).until(EC.presence_of_element_located((locator, selector)))\n        except TimeoutException:\n>           raise AssertionError(\"Не найден элемент с селектором: {}\".format(selector))\nE           AssertionError: Не найден элемент с селектором: //tbody/tr[./td[contains(text(), \"Canon\")]]//input\n\n../page_objects/base_page.py:19: AssertionError",
  "flaky" : false,
  "newFailed" : false,
  "beforeStages" : [ {
    "name" : "browser",
    "time" : {
      "start" : 1634364819529,
      "stop" : 1634364826909,
      "duration" : 7380
    },
    "status" : "passed",
    "steps" : [ ],
    "attachments" : [ ],
    "parameters" : [ ],
    "stepsCount" : 0,
    "attachmentsCount" : 0,
    "shouldDisplayMessage" : false,
    "hasContent" : false
  }, {
    "name" : "url",
    "time" : {
      "start" : 1634364826909,
      "stop" : 1634364826910,
      "duration" : 1
    },
    "status" : "passed",
    "steps" : [ ],
    "attachments" : [ ],
    "parameters" : [ ],
    "stepsCount" : 0,
    "attachmentsCount" : 0,
    "shouldDisplayMessage" : false,
    "hasContent" : false
  } ],
  "testStage" : {
    "description" : "\n    Удаление товара из списка в разделе администартора.\n    ",
    "status" : "failed",
    "statusMessage" : "AssertionError: Не найден элемент с селектором: //tbody/tr[./td[contains(text(), \"Canon\")]]//input",
    "statusTrace" : "self = <page_objects.admin_section.sections.catalog.products.products_page.ProductsPage object at 0x7feb78d26430>\nlocator = 'xpath'\nselector = '//tbody/tr[./td[contains(text(), \"Canon\")]]//input', timeout = 5\n\n    def find_element_with_wait(self, locator, selector, timeout=5):\n        self.logger.debug(f\"Поиск элемента '{selector}'\")\n        try:\n>           element = WebDriverWait(self.browser, timeout).until(EC.presence_of_element_located((locator, selector)))\n\n../page_objects/base_page.py:17: \n_ _ _ _ _ _ _ _ _ _ _ _ _ _ _ _ _ _ _ _ _ _ _ _ _ _ _ _ _ _ _ _ _ _ _ _ _ _ _ _ \n\nself = <selenium.webdriver.support.wait.WebDriverWait (session=\"66ade0bbe4700bf2dbf4e6408344a8aa\")>\nmethod = <selenium.webdriver.support.expected_conditions.presence_of_element_located object at 0x7feb78d263d0>\nmessage = ''\n\n    def until(self, method, message=''):\n        \"\"\"Calls the method provided with the driver as an argument until the \\\n        return value is not False.\"\"\"\n        screen = None\n        stacktrace = None\n    \n        end_time = time.time() + self._timeout\n        while True:\n            try:\n                value = method(self._driver)\n                if value:\n                    return value\n            except self._ignored_exceptions as exc:\n                screen = getattr(exc, 'screen', None)\n                stacktrace = getattr(exc, 'stacktrace', None)\n            time.sleep(self._poll)\n            if time.time() > end_time:\n                break\n>       raise TimeoutException(message, screen, stacktrace)\nE       selenium.common.exceptions.TimeoutException: Message:\n\n../venv/lib/python3.8/site-packages/selenium/webdriver/support/wait.py:80: TimeoutException\n\nDuring handling of the above exception, another exception occurred:\n\nbrowser = <selenium.webdriver.remote.webdriver.WebDriver (session=\"66ade0bbe4700bf2dbf4e6408344a8aa\")>\nurl = 'http://192.168.1.123:8081/'\n\n    def test_delete_product(browser, url):\n        '''\n        Удаление товара из списка в разделе администартора.\n        '''\n        login_page = LoginPage(browser)\n        menu = NavigationPanel(browser)\n        browser_alert = BrowserAlert(browser)\n        title_panel = TitlePanel(browser)\n        login_page.open_page(url)\n        login_page.sign_in(\"user\", \"bitnami\")\n        menu.open_section(Sections.CATALOG_SECTION)\n        menu.open_subsection(Sections.PRODUCTS_SUBSECTION)\n        products_page = ProductsPage(browser)\n>       products_page.checkbox_click(\"Canon\")\n\ntest_opencart.py:51: \n_ _ _ _ _ _ _ _ _ _ _ _ _ _ _ _ _ _ _ _ _ _ _ _ _ _ _ _ _ _ _ _ _ _ _ _ _ _ _ _ \n../page_objects/admin_section/sections/catalog/products/products_page.py:30: in checkbox_click\n    self.click_button(*product_checkbox)\n../page_objects/base_page.py:42: in click_button\n    button = self.find_element_with_wait(locator, selector)\n_ _ _ _ _ _ _ _ _ _ _ _ _ _ _ _ _ _ _ _ _ _ _ _ _ _ _ _ _ _ _ _ _ _ _ _ _ _ _ _ \n\nself = <page_objects.admin_section.sections.catalog.products.products_page.ProductsPage object at 0x7feb78d26430>\nlocator = 'xpath'\nselector = '//tbody/tr[./td[contains(text(), \"Canon\")]]//input', timeout = 5\n\n    def find_element_with_wait(self, locator, selector, timeout=5):\n        self.logger.debug(f\"Поиск элемента '{selector}'\")\n        try:\n            element = WebDriverWait(self.browser, timeout).until(EC.presence_of_element_located((locator, selector)))\n        except TimeoutException:\n>           raise AssertionError(\"Не найден элемент с селектором: {}\".format(selector))\nE           AssertionError: Не найден элемент с селектором: //tbody/tr[./td[contains(text(), \"Canon\")]]//input\n\n../page_objects/base_page.py:19: AssertionError",
    "steps" : [ ],
    "attachments" : [ {
      "uid" : "22d83eee1c7c0722",
      "name" : "log",
      "source" : "22d83eee1c7c0722.txt",
      "type" : "text/plain",
      "size" : 695
    } ],
    "parameters" : [ ],
    "stepsCount" : 0,
    "attachmentsCount" : 1,
    "shouldDisplayMessage" : true,
    "hasContent" : true
  },
  "afterStages" : [ {
    "name" : "browser::final",
    "time" : {
      "start" : 1634364858859,
      "stop" : 1634364859118,
      "duration" : 259
    },
    "status" : "passed",
    "steps" : [ ],
    "attachments" : [ ],
    "parameters" : [ ],
    "stepsCount" : 0,
    "attachmentsCount" : 0,
    "shouldDisplayMessage" : false,
    "hasContent" : false
  } ],
  "labels" : [ {
    "name" : "parentSuite",
    "value" : "tests"
  }, {
    "name" : "suite",
    "value" : "test_opencart"
  }, {
    "name" : "host",
    "value" : "pavel-Aspire-V3-571G"
  }, {
    "name" : "thread",
    "value" : "449195-MainThread"
  }, {
    "name" : "framework",
    "value" : "pytest"
  }, {
    "name" : "language",
    "value" : "cpython3"
  }, {
    "name" : "package",
    "value" : "tests.test_opencart"
  }, {
    "name" : "resultFormat",
    "value" : "allure2"
  } ],
  "parameters" : [ ],
  "links" : [ ],
  "hidden" : false,
  "retry" : false,
  "extra" : {
    "severity" : "normal",
    "retries" : [ {
      "uid" : "c1626c1266d0da2",
      "status" : "failed",
      "statusDetails" : "AssertionError: Не найден элемент с селектором: //tbody/tr[./td[contains(text(), \"Canon\")]]//input",
      "time" : {
        "start" : 1634364589886,
        "stop" : 1634364637504,
        "duration" : 47618
      }
    }, {
      "uid" : "9f14825c2e9d078a",
      "status" : "broken",
      "statusDetails" : "selenium.common.exceptions.WebDriverException: Message: Session timed out or not found",
      "time" : {
        "start" : 1634364192608,
        "stop" : 1634364352883,
        "duration" : 160275
      }
    } ],
    "categories" : [ {
      "name" : "Product defects",
      "matchedStatuses" : [ "failed" ],
      "flaky" : false
    } ],
    "tags" : [ ]
  },
  "source" : "90f9f598d15057b5.json",
  "parameterValues" : [ ]
}